<?xml version="1.0" encoding="UTF-8"?>
<!-- Generated by org.testng.reporters.JUnitReportReporter -->
<testsuite hostname="DESKTOP-K0O982J" name="Page.gtr" tests="1" failures="0" timestamp="15 Jun 2021 18:34:34 GMT" time="15.827" errors="0">
  <testcase name="test" time="15.827" classname="Page.gtr"/>
</testsuite> <!-- Page.gtr -->
